2016-12-03 22:01:23.938 [localhost-startStop-1] INFO  org.springframework.web.context.ContextLoader - Root WebApplicationContext: initialization started
2016-12-03 22:01:23.949 [localhost-startStop-1] INFO  org.springframework.web.context.support.AnnotationConfigWebApplicationContext - Refreshing Root WebApplicationContext: startup date [Sat Dec 03 22:01:23 EET 2016]; root of context hierarchy
2016-12-03 22:01:24.033 [localhost-startStop-1] INFO  org.springframework.web.context.support.AnnotationConfigWebApplicationContext - Registering annotated classes: [class com.sport.mvc.config.WebAppConfig]
2016-12-03 22:01:25.630 [localhost-startStop-1] INFO  org.springframework.jdbc.datasource.DriverManagerDataSource - Loaded JDBC driver: com.mysql.jdbc.Driver
2016-12-03 22:01:25.931 [localhost-startStop-1] INFO  org.hibernate.Version - HHH000412: Hibernate Core {5.1.2.Final}
2016-12-03 22:01:25.934 [localhost-startStop-1] INFO  org.hibernate.cfg.Environment - HHH000206: hibernate.properties not found
2016-12-03 22:01:25.936 [localhost-startStop-1] INFO  org.hibernate.cfg.Environment - HHH000021: Bytecode provider name : javassist
2016-12-03 22:01:26.027 [localhost-startStop-1] INFO  org.hibernate.annotations.common.Version - HCANN000001: Hibernate Commons Annotations {5.0.1.Final}
2016-12-03 22:01:26.820 [localhost-startStop-1] INFO  org.hibernate.dialect.Dialect - HHH000400: Using dialect: org.hibernate.dialect.MySQLDialect
2016-12-03 22:01:27.428 [localhost-startStop-1] INFO  org.hibernate.validator.internal.util.Version - HV000001: Hibernate Validator 5.2.1.Final
2016-12-03 22:01:28.532 [localhost-startStop-1] WARN  org.hibernate.tool.schema.internal.ExceptionHandlerLoggedImpl - GenerationTarget encountered exception accepting command : Error executing DDL via JDBC Statement
org.hibernate.tool.schema.spi.CommandAcceptanceException: Error executing DDL via JDBC Statement
	at org.hibernate.tool.schema.internal.exec.GenerationTargetToDatabase.accept(GenerationTargetToDatabase.java:67) ~[hibernate-core-5.1.2.Final.jar:5.1.2.Final]
	at org.hibernate.tool.schema.internal.SchemaMigratorImpl.applySqlString(SchemaMigratorImpl.java:568) [hibernate-core-5.1.2.Final.jar:5.1.2.Final]
	at org.hibernate.tool.schema.internal.SchemaMigratorImpl.applySqlStrings(SchemaMigratorImpl.java:552) [hibernate-core-5.1.2.Final.jar:5.1.2.Final]
	at org.hibernate.tool.schema.internal.SchemaMigratorImpl.applyForeignKeys(SchemaMigratorImpl.java:511) [hibernate-core-5.1.2.Final.jar:5.1.2.Final]
	at org.hibernate.tool.schema.internal.SchemaMigratorImpl.performMigration(SchemaMigratorImpl.java:310) [hibernate-core-5.1.2.Final.jar:5.1.2.Final]
	at org.hibernate.tool.schema.internal.SchemaMigratorImpl.doMigration(SchemaMigratorImpl.java:132) [hibernate-core-5.1.2.Final.jar:5.1.2.Final]
	at org.hibernate.tool.schema.internal.SchemaMigratorImpl.doMigration(SchemaMigratorImpl.java:105) [hibernate-core-5.1.2.Final.jar:5.1.2.Final]
	at org.hibernate.tool.schema.spi.SchemaManagementToolCoordinator.performDatabaseAction(SchemaManagementToolCoordinator.java:176) [hibernate-core-5.1.2.Final.jar:5.1.2.Final]
	at org.hibernate.tool.schema.spi.SchemaManagementToolCoordinator.process(SchemaManagementToolCoordinator.java:65) [hibernate-core-5.1.2.Final.jar:5.1.2.Final]
	at org.hibernate.internal.SessionFactoryImpl.<init>(SessionFactoryImpl.java:459) [hibernate-core-5.1.2.Final.jar:5.1.2.Final]
	at org.hibernate.boot.internal.SessionFactoryBuilderImpl.build(SessionFactoryBuilderImpl.java:465) [hibernate-core-5.1.2.Final.jar:5.1.2.Final]
	at org.hibernate.cfg.Configuration.buildSessionFactory(Configuration.java:711) [hibernate-core-5.1.2.Final.jar:5.1.2.Final]
	at org.hibernate.cfg.Configuration.buildSessionFactory(Configuration.java:727) [hibernate-core-5.1.2.Final.jar:5.1.2.Final]
	at org.springframework.orm.hibernate5.LocalSessionFactoryBean.buildSessionFactory(LocalSessionFactoryBean.java:502) [spring-orm-4.3.3.RELEASE.jar:4.3.3.RELEASE]
	at org.springframework.orm.hibernate5.LocalSessionFactoryBean.afterPropertiesSet(LocalSessionFactoryBean.java:486) [spring-orm-4.3.3.RELEASE.jar:4.3.3.RELEASE]
	at org.springframework.beans.factory.support.AbstractAutowireCapableBeanFactory.invokeInitMethods(AbstractAutowireCapableBeanFactory.java:1642) [spring-beans-4.3.3.RELEASE.jar:4.3.3.RELEASE]
	at org.springframework.beans.factory.support.AbstractAutowireCapableBeanFactory.initializeBean(AbstractAutowireCapableBeanFactory.java:1579) [spring-beans-4.3.3.RELEASE.jar:4.3.3.RELEASE]
	at org.springframework.beans.factory.support.AbstractAutowireCapableBeanFactory.doCreateBean(AbstractAutowireCapableBeanFactory.java:545) [spring-beans-4.3.3.RELEASE.jar:4.3.3.RELEASE]
	at org.springframework.beans.factory.support.AbstractAutowireCapableBeanFactory.createBean(AbstractAutowireCapableBeanFactory.java:482) [spring-beans-4.3.3.RELEASE.jar:4.3.3.RELEASE]
	at org.springframework.beans.factory.support.AbstractBeanFactory$1.getObject(AbstractBeanFactory.java:306) [spring-beans-4.3.3.RELEASE.jar:4.3.3.RELEASE]
	at org.springframework.beans.factory.support.DefaultSingletonBeanRegistry.getSingleton(DefaultSingletonBeanRegistry.java:230) [spring-beans-4.3.3.RELEASE.jar:4.3.3.RELEASE]
	at org.springframework.beans.factory.support.AbstractBeanFactory.doGetBean(AbstractBeanFactory.java:302) [spring-beans-4.3.3.RELEASE.jar:4.3.3.RELEASE]
	at org.springframework.beans.factory.support.AbstractBeanFactory.getBean(AbstractBeanFactory.java:202) [spring-beans-4.3.3.RELEASE.jar:4.3.3.RELEASE]
	at org.springframework.beans.factory.config.DependencyDescriptor.resolveCandidate(DependencyDescriptor.java:207) [spring-beans-4.3.3.RELEASE.jar:4.3.3.RELEASE]
	at org.springframework.beans.factory.support.DefaultListableBeanFactory.doResolveDependency(DefaultListableBeanFactory.java:1128) [spring-beans-4.3.3.RELEASE.jar:4.3.3.RELEASE]
	at org.springframework.beans.factory.support.DefaultListableBeanFactory.resolveDependency(DefaultListableBeanFactory.java:1056) [spring-beans-4.3.3.RELEASE.jar:4.3.3.RELEASE]
	at org.springframework.beans.factory.annotation.AutowiredAnnotationBeanPostProcessor$AutowiredFieldElement.inject(AutowiredAnnotationBeanPostProcessor.java:566) [spring-beans-4.3.3.RELEASE.jar:4.3.3.RELEASE]
	at org.springframework.beans.factory.annotation.InjectionMetadata.inject(InjectionMetadata.java:88) [spring-beans-4.3.3.RELEASE.jar:4.3.3.RELEASE]
	at org.springframework.beans.factory.annotation.AutowiredAnnotationBeanPostProcessor.postProcessPropertyValues(AutowiredAnnotationBeanPostProcessor.java:349) [spring-beans-4.3.3.RELEASE.jar:4.3.3.RELEASE]
	at org.springframework.beans.factory.support.AbstractAutowireCapableBeanFactory.populateBean(AbstractAutowireCapableBeanFactory.java:1219) [spring-beans-4.3.3.RELEASE.jar:4.3.3.RELEASE]
	at org.springframework.beans.factory.support.AbstractAutowireCapableBeanFactory.doCreateBean(AbstractAutowireCapableBeanFactory.java:543) [spring-beans-4.3.3.RELEASE.jar:4.3.3.RELEASE]
	at org.springframework.beans.factory.support.AbstractAutowireCapableBeanFactory.createBean(AbstractAutowireCapableBeanFactory.java:482) [spring-beans-4.3.3.RELEASE.jar:4.3.3.RELEASE]
	at org.springframework.beans.factory.support.AbstractBeanFactory$1.getObject(AbstractBeanFactory.java:306) [spring-beans-4.3.3.RELEASE.jar:4.3.3.RELEASE]
	at org.springframework.beans.factory.support.DefaultSingletonBeanRegistry.getSingleton(DefaultSingletonBeanRegistry.java:230) [spring-beans-4.3.3.RELEASE.jar:4.3.3.RELEASE]
	at org.springframework.beans.factory.support.AbstractBeanFactory.doGetBean(AbstractBeanFactory.java:302) [spring-beans-4.3.3.RELEASE.jar:4.3.3.RELEASE]
	at org.springframework.beans.factory.support.AbstractBeanFactory.getBean(AbstractBeanFactory.java:202) [spring-beans-4.3.3.RELEASE.jar:4.3.3.RELEASE]
	at org.springframework.beans.factory.config.DependencyDescriptor.resolveCandidate(DependencyDescriptor.java:207) [spring-beans-4.3.3.RELEASE.jar:4.3.3.RELEASE]
	at org.springframework.beans.factory.support.DefaultListableBeanFactory.doResolveDependency(DefaultListableBeanFactory.java:1128) [spring-beans-4.3.3.RELEASE.jar:4.3.3.RELEASE]
	at org.springframework.beans.factory.support.DefaultListableBeanFactory.resolveDependency(DefaultListableBeanFactory.java:1056) [spring-beans-4.3.3.RELEASE.jar:4.3.3.RELEASE]
	at org.springframework.beans.factory.annotation.AutowiredAnnotationBeanPostProcessor$AutowiredFieldElement.inject(AutowiredAnnotationBeanPostProcessor.java:566) [spring-beans-4.3.3.RELEASE.jar:4.3.3.RELEASE]
	at org.springframework.beans.factory.annotation.InjectionMetadata.inject(InjectionMetadata.java:88) [spring-beans-4.3.3.RELEASE.jar:4.3.3.RELEASE]
	at org.springframework.beans.factory.annotation.AutowiredAnnotationBeanPostProcessor.postProcessPropertyValues(AutowiredAnnotationBeanPostProcessor.java:349) [spring-beans-4.3.3.RELEASE.jar:4.3.3.RELEASE]
	at org.springframework.beans.factory.support.AbstractAutowireCapableBeanFactory.populateBean(AbstractAutowireCapableBeanFactory.java:1219) [spring-beans-4.3.3.RELEASE.jar:4.3.3.RELEASE]
	at org.springframework.beans.factory.support.AbstractAutowireCapableBeanFactory.doCreateBean(AbstractAutowireCapableBeanFactory.java:543) [spring-beans-4.3.3.RELEASE.jar:4.3.3.RELEASE]
	at org.springframework.beans.factory.support.AbstractAutowireCapableBeanFactory.createBean(AbstractAutowireCapableBeanFactory.java:482) [spring-beans-4.3.3.RELEASE.jar:4.3.3.RELEASE]
	at org.springframework.beans.factory.support.AbstractBeanFactory$1.getObject(AbstractBeanFactory.java:306) [spring-beans-4.3.3.RELEASE.jar:4.3.3.RELEASE]
	at org.springframework.beans.factory.support.DefaultSingletonBeanRegistry.getSingleton(DefaultSingletonBeanRegistry.java:230) [spring-beans-4.3.3.RELEASE.jar:4.3.3.RELEASE]
	at org.springframework.beans.factory.support.AbstractBeanFactory.doGetBean(AbstractBeanFactory.java:302) [spring-beans-4.3.3.RELEASE.jar:4.3.3.RELEASE]
	at org.springframework.beans.factory.support.AbstractBeanFactory.getBean(AbstractBeanFactory.java:202) [spring-beans-4.3.3.RELEASE.jar:4.3.3.RELEASE]
	at org.springframework.beans.factory.config.DependencyDescriptor.resolveCandidate(DependencyDescriptor.java:207) [spring-beans-4.3.3.RELEASE.jar:4.3.3.RELEASE]
	at org.springframework.beans.factory.support.DefaultListableBeanFactory.doResolveDependency(DefaultListableBeanFactory.java:1128) [spring-beans-4.3.3.RELEASE.jar:4.3.3.RELEASE]
	at org.springframework.beans.factory.support.DefaultListableBeanFactory.resolveDependency(DefaultListableBeanFactory.java:1056) [spring-beans-4.3.3.RELEASE.jar:4.3.3.RELEASE]
	at org.springframework.beans.factory.annotation.AutowiredAnnotationBeanPostProcessor$AutowiredFieldElement.inject(AutowiredAnnotationBeanPostProcessor.java:566) [spring-beans-4.3.3.RELEASE.jar:4.3.3.RELEASE]
	at org.springframework.beans.factory.annotation.InjectionMetadata.inject(InjectionMetadata.java:88) [spring-beans-4.3.3.RELEASE.jar:4.3.3.RELEASE]
	at org.springframework.beans.factory.annotation.AutowiredAnnotationBeanPostProcessor.postProcessPropertyValues(AutowiredAnnotationBeanPostProcessor.java:349) [spring-beans-4.3.3.RELEASE.jar:4.3.3.RELEASE]
	at org.springframework.beans.factory.support.AbstractAutowireCapableBeanFactory.populateBean(AbstractAutowireCapableBeanFactory.java:1219) [spring-beans-4.3.3.RELEASE.jar:4.3.3.RELEASE]
	at org.springframework.beans.factory.support.AbstractAutowireCapableBeanFactory.doCreateBean(AbstractAutowireCapableBeanFactory.java:543) [spring-beans-4.3.3.RELEASE.jar:4.3.3.RELEASE]
	at org.springframework.beans.factory.support.AbstractAutowireCapableBeanFactory.createBean(AbstractAutowireCapableBeanFactory.java:482) [spring-beans-4.3.3.RELEASE.jar:4.3.3.RELEASE]
	at org.springframework.beans.factory.support.AbstractBeanFactory$1.getObject(AbstractBeanFactory.java:306) [spring-beans-4.3.3.RELEASE.jar:4.3.3.RELEASE]
	at org.springframework.beans.factory.support.DefaultSingletonBeanRegistry.getSingleton(DefaultSingletonBeanRegistry.java:230) [spring-beans-4.3.3.RELEASE.jar:4.3.3.RELEASE]
	at org.springframework.beans.factory.support.AbstractBeanFactory.doGetBean(AbstractBeanFactory.java:302) [spring-beans-4.3.3.RELEASE.jar:4.3.3.RELEASE]
	at org.springframework.beans.factory.support.AbstractBeanFactory.getBean(AbstractBeanFactory.java:197) [spring-beans-4.3.3.RELEASE.jar:4.3.3.RELEASE]
	at org.springframework.beans.factory.support.DefaultListableBeanFactory.preInstantiateSingletons(DefaultListableBeanFactory.java:751) [spring-beans-4.3.3.RELEASE.jar:4.3.3.RELEASE]
	at org.springframework.context.support.AbstractApplicationContext.finishBeanFactoryInitialization(AbstractApplicationContext.java:861) [spring-context-4.3.3.RELEASE.jar:4.3.3.RELEASE]
	at org.springframework.context.support.AbstractApplicationContext.refresh(AbstractApplicationContext.java:541) [spring-context-4.3.3.RELEASE.jar:4.3.3.RELEASE]
	at org.springframework.web.context.ContextLoader.configureAndRefreshWebApplicationContext(ContextLoader.java:444) [spring-web-4.3.3.RELEASE.jar:4.3.3.RELEASE]
	at org.springframework.web.context.ContextLoader.initWebApplicationContext(ContextLoader.java:326) [spring-web-4.3.3.RELEASE.jar:4.3.3.RELEASE]
	at org.springframework.web.context.ContextLoaderListener.contextInitialized(ContextLoaderListener.java:107) [spring-web-4.3.3.RELEASE.jar:4.3.3.RELEASE]
	at org.apache.catalina.core.StandardContext.listenerStart(StandardContext.java:4810) [webapp-runner.jar:?]
	at org.apache.catalina.core.StandardContext.startInternal(StandardContext.java:5255) [webapp-runner.jar:?]
	at org.apache.catalina.util.LifecycleBase.start(LifecycleBase.java:150) [webapp-runner.jar:?]
	at org.apache.catalina.core.ContainerBase$StartChild.call(ContainerBase.java:1408) [webapp-runner.jar:?]
	at org.apache.catalina.core.ContainerBase$StartChild.call(ContainerBase.java:1398) [webapp-runner.jar:?]
	at java.util.concurrent.FutureTask.run(FutureTask.java:266) [?:1.8.0_112]
	at java.util.concurrent.ThreadPoolExecutor.runWorker(ThreadPoolExecutor.java:1142) [?:1.8.0_112]
	at java.util.concurrent.ThreadPoolExecutor$Worker.run(ThreadPoolExecutor.java:617) [?:1.8.0_112]
	at java.lang.Thread.run(Thread.java:745) [?:1.8.0_112]
Caused by: java.sql.SQLException: Cannot add foreign key constraint
	at com.mysql.jdbc.SQLError.createSQLException(SQLError.java:963) ~[mysql-connector-java-5.1.39.jar:5.1.39]
	at com.mysql.jdbc.MysqlIO.checkErrorPacket(MysqlIO.java:3966) ~[mysql-connector-java-5.1.39.jar:5.1.39]
	at com.mysql.jdbc.MysqlIO.checkErrorPacket(MysqlIO.java:3902) ~[mysql-connector-java-5.1.39.jar:5.1.39]
	at com.mysql.jdbc.MysqlIO.sendCommand(MysqlIO.java:2526) ~[mysql-connector-java-5.1.39.jar:5.1.39]
	at com.mysql.jdbc.MysqlIO.sqlQueryDirect(MysqlIO.java:2673) ~[mysql-connector-java-5.1.39.jar:5.1.39]
	at com.mysql.jdbc.ConnectionImpl.execSQL(ConnectionImpl.java:2545) ~[mysql-connector-java-5.1.39.jar:5.1.39]
	at com.mysql.jdbc.ConnectionImpl.execSQL(ConnectionImpl.java:2503) ~[mysql-connector-java-5.1.39.jar:5.1.39]
	at com.mysql.jdbc.StatementImpl.executeInternal(StatementImpl.java:839) ~[mysql-connector-java-5.1.39.jar:5.1.39]
	at com.mysql.jdbc.StatementImpl.execute(StatementImpl.java:739) ~[mysql-connector-java-5.1.39.jar:5.1.39]
	at org.hibernate.tool.schema.internal.exec.GenerationTargetToDatabase.accept(GenerationTargetToDatabase.java:54) ~[hibernate-core-5.1.2.Final.jar:5.1.2.Final]
	... 76 more
2016-12-03 22:01:29.187 [localhost-startStop-1] INFO  org.springframework.orm.hibernate5.HibernateTransactionManager - Using DataSource [org.springframework.jdbc.datasource.DriverManagerDataSource@69a53140] of Hibernate SessionFactory for HibernateTransactionManager
2016-12-03 22:01:29.548 [localhost-startStop-1] INFO  org.springframework.security.web.DefaultSecurityFilterChain - Creating filter chain: org.springframework.security.web.util.matcher.AnyRequestMatcher@1, [org.springframework.security.web.context.request.async.WebAsyncManagerIntegrationFilter@49482a98, org.springframework.security.web.context.SecurityContextPersistenceFilter@970e1b9, org.springframework.security.web.header.HeaderWriterFilter@136394c7, org.springframework.security.web.csrf.CsrfFilter@24a3d43a, org.springframework.security.web.authentication.logout.LogoutFilter@3f14ed98, org.springframework.security.web.authentication.UsernamePasswordAuthenticationFilter@5fd89c2, org.springframework.security.web.savedrequest.RequestCacheAwareFilter@6c0769ad, org.springframework.security.web.servletapi.SecurityContextHolderAwareRequestFilter@781a7a9a, org.springframework.security.web.authentication.AnonymousAuthenticationFilter@3200cb87, org.springframework.security.web.session.SessionManagementFilter@6bd1eb44, org.springframework.security.web.access.ExceptionTranslationFilter@1816590, org.springframework.security.web.access.intercept.FilterSecurityInterceptor@2c4e4b28]
2016-12-03 22:01:30.304 [localhost-startStop-1] INFO  org.springframework.web.servlet.mvc.method.annotation.RequestMappingHandlerMapping - Mapped "{[/group/ShowGroupPage],methods=[GET || POST]}" onto public org.springframework.web.servlet.ModelAndView com.sport.mvc.Controllers.smoll_fintess.A_GroupController.showForm()
2016-12-03 22:01:30.307 [localhost-startStop-1] INFO  org.springframework.web.servlet.mvc.method.annotation.RequestMappingHandlerMapping - Mapped "{[/group/AddGroupToInstructorsForm],methods=[GET || POST]}" onto public org.springframework.web.servlet.ModelAndView com.sport.mvc.Controllers.smoll_fintess.A_GroupController.FormForAddInstructors()
2016-12-03 22:01:30.307 [localhost-startStop-1] INFO  org.springframework.web.servlet.mvc.method.annotation.RequestMappingHandlerMapping - Mapped "{[/group/saveGroupToTrainers],methods=[POST]}" onto public java.lang.String com.sport.mvc.Controllers.smoll_fintess.A_GroupController.saveGroupToTrainers(com.sport.mvc.models.Group,java.lang.String)
2016-12-03 22:01:30.308 [localhost-startStop-1] INFO  org.springframework.web.servlet.mvc.method.annotation.RequestMappingHandlerMapping - Mapped "{[/group/showFormForAddGroup],methods=[GET || POST]}" onto public org.springframework.web.servlet.ModelAndView com.sport.mvc.Controllers.smoll_fintess.A_GroupController.FormForAddGroup()
2016-12-03 22:01:30.308 [localhost-startStop-1] INFO  org.springframework.web.servlet.mvc.method.annotation.RequestMappingHandlerMapping - Mapped "{[/group/saveGroup],methods=[POST]}" onto public java.lang.String com.sport.mvc.Controllers.smoll_fintess.A_GroupController.saveGroup(com.sport.mvc.models.Group,java.lang.String)
2016-12-03 22:01:30.309 [localhost-startStop-1] INFO  org.springframework.web.servlet.mvc.method.annotation.RequestMappingHandlerMapping - Mapped "{[/group/showFormForAddCategory]}" onto public java.lang.String com.sport.mvc.Controllers.smoll_fintess.A_GroupController.showFormForAddCategory(org.springframework.ui.Model)
2016-12-03 22:01:30.310 [localhost-startStop-1] INFO  org.springframework.web.servlet.mvc.method.annotation.RequestMappingHandlerMapping - Mapped "{[/group/saveCategory],methods=[POST]}" onto public java.lang.String com.sport.mvc.Controllers.smoll_fintess.A_GroupController.saveCategory(com.sport.mvc.models.CategoryGroup)
2016-12-03 22:01:30.310 [localhost-startStop-1] INFO  org.springframework.web.servlet.mvc.method.annotation.RequestMappingHandlerMapping - Mapped "{[/group/showFormForAddCategoryTrainers]}" onto public java.lang.String com.sport.mvc.Controllers.smoll_fintess.A_GroupController.showFormForAddCategoryTrainers(org.springframework.ui.Model)
2016-12-03 22:01:30.311 [localhost-startStop-1] INFO  org.springframework.web.servlet.mvc.method.annotation.RequestMappingHandlerMapping - Mapped "{[/group/saveTrainersCategory],methods=[POST]}" onto public java.lang.String com.sport.mvc.Controllers.smoll_fintess.A_GroupController.saveTrainersCategory(com.sport.mvc.models.CategoryGroup)
2016-12-03 22:01:30.312 [localhost-startStop-1] INFO  org.springframework.web.servlet.mvc.method.annotation.RequestMappingHandlerMapping - Mapped "{[/group/showFormForDelete],methods=[GET || POST]}" onto public org.springframework.web.servlet.ModelAndView com.sport.mvc.Controllers.smoll_fintess.A_GroupController.FormForDeleteGroups()
2016-12-03 22:01:30.312 [localhost-startStop-1] INFO  org.springframework.web.servlet.mvc.method.annotation.RequestMappingHandlerMapping - Mapped "{[/group/deleteGroups]}" onto public java.lang.String com.sport.mvc.Controllers.smoll_fintess.A_GroupController.deleteGroup(java.util.List<java.lang.Long>)
2016-12-03 22:01:30.313 [localhost-startStop-1] INFO  org.springframework.web.servlet.mvc.method.annotation.RequestMappingHandlerMapping - Mapped "{[/group/showFormForUpdate],methods=[GET || POST]}" onto public org.springframework.web.servlet.ModelAndView com.sport.mvc.Controllers.smoll_fintess.A_GroupController.FormForUpdateGroups()
2016-12-03 22:01:30.313 [localhost-startStop-1] INFO  org.springframework.web.servlet.mvc.method.annotation.RequestMappingHandlerMapping - Mapped "{[/group/updateGroup],methods=[POST]}" onto public java.lang.String com.sport.mvc.Controllers.smoll_fintess.A_GroupController.updateGroup(com.sport.mvc.models.Group,java.lang.Long)
2016-12-03 22:01:30.314 [localhost-startStop-1] INFO  org.springframework.web.servlet.mvc.method.annotation.RequestMappingHandlerMapping - Mapped "{[/group/showFormForUpdateCategory],methods=[GET || POST]}" onto public org.springframework.web.servlet.ModelAndView com.sport.mvc.Controllers.smoll_fintess.A_GroupController.FormForUpdateTrainersGroups()
2016-12-03 22:01:30.314 [localhost-startStop-1] INFO  org.springframework.web.servlet.mvc.method.annotation.RequestMappingHandlerMapping - Mapped "{[/group/addStudentToGroupForm]}" onto public java.lang.String com.sport.mvc.Controllers.smoll_fintess.A_GroupController.addStudentToGroup(org.springframework.ui.Model)
2016-12-03 22:01:30.314 [localhost-startStop-1] INFO  org.springframework.web.servlet.mvc.method.annotation.RequestMappingHandlerMapping - Mapped "{[/group/updateCategory],methods=[POST]}" onto public java.lang.String com.sport.mvc.Controllers.smoll_fintess.A_GroupController.updateTrainersGroup(com.sport.mvc.models.CategoryGroup,java.lang.Long)
2016-12-03 22:01:30.315 [localhost-startStop-1] INFO  org.springframework.web.servlet.mvc.method.annotation.RequestMappingHandlerMapping - Mapped "{[/group/saveStudentToGroup]}" onto public java.lang.String com.sport.mvc.Controllers.smoll_fintess.A_GroupController.saveStudentToGroup(com.sport.mvc.models.Student,org.springframework.ui.Model)
2016-12-03 22:01:30.315 [localhost-startStop-1] INFO  org.springframework.web.servlet.mvc.method.annotation.RequestMappingHandlerMapping - Mapped "{[/group/takeIdGroup]}" onto public java.lang.String com.sport.mvc.Controllers.smoll_fintess.A_GroupController.TakeIdGroup(long)
2016-12-03 22:01:30.316 [localhost-startStop-1] INFO  org.springframework.web.servlet.mvc.method.annotation.RequestMappingHandlerMapping - Mapped "{[/group/addPriceSubscription]}" onto private java.lang.String com.sport.mvc.Controllers.smoll_fintess.A_GroupController.addSubscriptionForm(org.springframework.ui.Model)
2016-12-03 22:01:30.316 [localhost-startStop-1] INFO  org.springframework.web.servlet.mvc.method.annotation.RequestMappingHandlerMapping - Mapped "{[/group/savePriceSubscription],methods=[POST]}" onto private java.lang.String com.sport.mvc.Controllers.smoll_fintess.A_GroupController.savePriceSubscriptionForm(com.sport.mvc.models.CustomerCard)
2016-12-03 22:01:30.317 [localhost-startStop-1] INFO  org.springframework.web.servlet.mvc.method.annotation.RequestMappingHandlerMapping - Mapped "{[/group/act]}" onto public java.lang.String com.sport.mvc.Controllers.smoll_fintess.A_GroupController.deleteListOfUsers(java.lang.String,java.util.List<java.lang.Long>,java.lang.String,java.lang.String,java.lang.String,java.lang.String,java.lang.String)
2016-12-03 22:01:30.317 [localhost-startStop-1] INFO  org.springframework.web.servlet.mvc.method.annotation.RequestMappingHandlerMapping - Mapped "{[/group/showFormAddOrChangePriceAbonement]}" onto public java.lang.String com.sport.mvc.Controllers.smoll_fintess.A_GroupController.showFormAddOrChangePrice(org.springframework.ui.Model)
2016-12-03 22:01:30.318 [localhost-startStop-1] INFO  org.springframework.web.servlet.mvc.method.annotation.RequestMappingHandlerMapping - Mapped "{[/group/saveOrChangeAbonement],methods=[POST]}" onto public java.lang.String com.sport.mvc.Controllers.smoll_fintess.A_GroupController.addOrChangeAbonement(com.sport.mvc.models.Price)
2016-12-03 22:01:30.350 [localhost-startStop-1] INFO  org.springframework.web.servlet.mvc.method.annotation.RequestMappingHandlerMapping - Mapped "{[/registerPerson/registerFitnessCenter]}" onto public java.lang.String com.sport.mvc.Controllers.smoll_fintess.A_PersonsController.showRegisterFitnessCentre(org.springframework.ui.Model)
2016-12-03 22:01:30.352 [localhost-startStop-1] INFO  org.springframework.web.servlet.mvc.method.annotation.RequestMappingHandlerMapping - Mapped "{[/registerPerson/registerGuest]}" onto public java.lang.String com.sport.mvc.Controllers.smoll_fintess.A_PersonsController.showRegisterGuest(org.springframework.ui.Model)
2016-12-03 22:01:30.353 [localhost-startStop-1] INFO  org.springframework.web.servlet.mvc.method.annotation.RequestMappingHandlerMapping - Mapped "{[/registerPerson/registerSportsSection]}" onto public java.lang.String com.sport.mvc.Controllers.smoll_fintess.A_PersonsController.showRegisterSportSection(org.springframework.ui.Model)
2016-12-03 22:01:30.353 [localhost-startStop-1] INFO  org.springframework.web.servlet.mvc.method.annotation.RequestMappingHandlerMapping - Mapped "{[/registerPerson/registerTrainer]}" onto public java.lang.String com.sport.mvc.Controllers.smoll_fintess.A_PersonsController.showRegisterTrainer(org.springframework.ui.Model)
2016-12-03 22:01:30.354 [localhost-startStop-1] INFO  org.springframework.web.servlet.mvc.method.annotation.RequestMappingHandlerMapping - Mapped "{[/registerPerson/showFirstWorkPage],methods=[GET || POST]}" onto public org.springframework.web.servlet.ModelAndView com.sport.mvc.Controllers.smoll_fintess.A_PersonsController.workPage()
2016-12-03 22:01:30.354 [localhost-startStop-1] INFO  org.springframework.web.servlet.mvc.method.annotation.RequestMappingHandlerMapping - Mapped "{[/registerPerson/showFormForAdd],methods=[GET]}" onto public java.lang.String com.sport.mvc.Controllers.smoll_fintess.A_PersonsController.showFormForAdd(org.springframework.ui.Model)
2016-12-03 22:01:30.355 [localhost-startStop-1] INFO  org.springframework.web.servlet.mvc.method.annotation.RequestMappingHandlerMapping - Mapped "{[/registerPerson/saveStudent],methods=[POST]}" onto public java.lang.String com.sport.mvc.Controllers.smoll_fintess.A_PersonsController.saveCustomer(com.sport.mvc.models.Student,org.springframework.validation.BindingResult,org.springframework.ui.Model)
2016-12-03 22:01:30.355 [localhost-startStop-1] INFO  org.springframework.web.servlet.mvc.method.annotation.RequestMappingHandlerMapping - Mapped "{[/registerPerson/saveStudentAfterUpdate],methods=[POST]}" onto public java.lang.String com.sport.mvc.Controllers.smoll_fintess.A_PersonsController.saveCustomerAfterUpdate(com.sport.mvc.models.Student,org.springframework.validation.BindingResult,org.springframework.ui.Model)
2016-12-03 22:01:30.356 [localhost-startStop-1] INFO  org.springframework.web.servlet.mvc.method.annotation.RequestMappingHandlerMapping - Mapped "{[/registerPerson/showFormForUpdate],methods=[GET]}" onto public java.lang.String com.sport.mvc.Controllers.smoll_fintess.A_PersonsController.showFormForUpdate(long,org.springframework.ui.Model)
2016-12-03 22:01:30.356 [localhost-startStop-1] INFO  org.springframework.web.servlet.mvc.method.annotation.RequestMappingHandlerMapping - Mapped "{[/registerPerson/showMailForm]}" onto public java.lang.String com.sport.mvc.Controllers.smoll_fintess.A_PersonsController.showMailForm(org.springframework.ui.Model,java.util.List<java.lang.Long>)
2016-12-03 22:01:30.358 [localhost-startStop-1] INFO  org.springframework.web.servlet.mvc.method.annotation.RequestMappingHandlerMapping - Mapped "{[/registerPerson/sendMail],methods=[POST]}" onto public java.lang.String com.sport.mvc.Controllers.smoll_fintess.A_PersonsController.sendMail(javax.servlet.http.HttpServletRequest,org.springframework.ui.Model)
2016-12-03 22:01:30.359 [localhost-startStop-1] INFO  org.springframework.web.servlet.mvc.method.annotation.RequestMappingHandlerMapping - Mapped "{[/registerPerson/showComplexMailForm]}" onto public java.lang.String com.sport.mvc.Controllers.smoll_fintess.A_PersonsController.showComplexMailForm(org.springframework.ui.Model,java.util.List<java.lang.Long>)
2016-12-03 22:01:30.361 [localhost-startStop-1] INFO  org.springframework.web.servlet.mvc.method.annotation.RequestMappingHandlerMapping - Mapped "{[/registerPerson/sendComplexMail]}" onto public java.lang.String com.sport.mvc.Controllers.smoll_fintess.A_PersonsController.sendComplexMail(javax.servlet.http.HttpServletRequest,java.util.List<java.lang.Integer>,org.springframework.ui.Model)
2016-12-03 22:01:30.363 [localhost-startStop-1] INFO  org.springframework.web.servlet.mvc.method.annotation.RequestMappingHandlerMapping - Mapped "{[/registerPerson/sort]}" onto public org.springframework.web.servlet.ModelAndView com.sport.mvc.Controllers.smoll_fintess.A_PersonsController.sortMethod(org.springframework.ui.Model,java.lang.String)
2016-12-03 22:01:30.363 [localhost-startStop-1] INFO  org.springframework.web.servlet.mvc.method.annotation.RequestMappingHandlerMapping - Mapped "{[/registerPerson/find]}" onto public org.springframework.web.servlet.ModelAndView com.sport.mvc.Controllers.smoll_fintess.A_PersonsController.findStudent(java.lang.String,java.lang.String)
2016-12-03 22:01:30.364 [localhost-startStop-1] INFO  org.springframework.web.servlet.mvc.method.annotation.RequestMappingHandlerMapping - Mapped "{[/registerPerson/act]}" onto public java.lang.String com.sport.mvc.Controllers.smoll_fintess.A_PersonsController.deleteListOfUsers(java.lang.String,java.lang.String,org.springframework.ui.Model,java.util.List<java.lang.Long>,java.lang.String,java.lang.String,java.lang.String,java.lang.String,java.lang.String,org.springframework.web.servlet.mvc.support.RedirectAttributes)
2016-12-03 22:01:30.365 [localhost-startStop-1] INFO  org.springframework.web.servlet.mvc.method.annotation.RequestMappingHandlerMapping - Mapped "{[/ || /index],methods=[GET]}" onto public java.lang.String com.sport.mvc.Controllers.smoll_fintess.HomeController.home(java.util.Locale,org.springframework.ui.Model)
2016-12-03 22:01:30.366 [localhost-startStop-1] INFO  org.springframework.web.servlet.mvc.method.annotation.RequestMappingHandlerMapping - Mapped "{[/login],methods=[GET]}" onto public java.lang.String com.sport.mvc.Controllers.smoll_fintess.LoginController.loginPage()
2016-12-03 22:01:30.368 [localhost-startStop-1] INFO  org.springframework.web.servlet.mvc.method.annotation.RequestMappingHandlerMapping - Mapped "{[/registration],methods=[POST]}" onto public java.util.Map<java.lang.String, java.lang.Object> com.sport.mvc.Controllers.smoll_fintess.LoginController.registration(com.sport.mvc.models.User)
2016-12-03 22:01:30.368 [localhost-startStop-1] INFO  org.springframework.web.servlet.mvc.method.annotation.RequestMappingHandlerMapping - Mapped "{[/logout],methods=[GET]}" onto public java.lang.String com.sport.mvc.Controllers.smoll_fintess.LoginController.logoutPage(javax.servlet.http.HttpServletRequest,javax.servlet.http.HttpServletResponse)
